<?xml version="1.0" encoding="UTF-8"?>
<testng-results ignored="0" total="1" passed="1" failed="0" skipped="0">
  <reporter-output>
  </reporter-output>
  <suite started-at="2021-08-09T17:17:38 EDT" name="Default suite" finished-at="2021-08-09T17:17:59 EDT" duration-ms="20864">
    <groups>
    </groups>
    <test started-at="2021-08-09T17:17:38 EDT" name="Default test" finished-at="2021-08-09T17:17:59 EDT" duration-ms="20864">
      <class name="Automation1.Loops">
        <test-method is-config="true" signature="setup()[pri:0, instance:Automation1.Loops@5c909414]" started-at="2021-08-09T17:17:38 EDT" name="setup" finished-at="2021-08-09T17:17:39 EDT" duration-ms="998" status="PASS">
          <reporter-output>
          </reporter-output>
        </test-method> <!-- setup -->
        <test-method signature="frame()[pri:0, instance:Automation1.Loops@5c909414]" started-at="2021-08-09T17:17:39 EDT" name="frame" finished-at="2021-08-09T17:17:59 EDT" duration-ms="19838" status="PASS">
          <reporter-output>
          </reporter-output>
        </test-method> <!-- frame -->
      </class> <!-- Automation1.Loops -->
    </test> <!-- Default test -->
  </suite> <!-- Default suite -->
</testng-results>
